<?xml version="1.0" encoding="UTF-8"?>
<!-- Generated by org.testng.reporters.JUnitReportReporter -->
<testsuite hostname="DESKTOP-V5NCMV5" failures="0" tests="1" name="maven_package.Conversion_to_maven_project.PBLoginTest" time="22.543" errors="0" timestamp="2022-07-27T19:41:26 IST" skipped="0">
  <testcase classname="maven_package.Conversion_to_maven_project.PBLoginTest" name="verifyUserID" time="22.543"/>
  <system-out/>
</testsuite> <!-- maven_package.Conversion_to_maven_project.PBLoginTest -->
